[1.980s] Invoking command in '/home/shiokaze/ros2_ws/src/mypkg': PYTHONPATH=/home/shiokaze/ros2_ws/src/mypkg/install/mypkg/lib/python3.10/site-packages:${PYTHONPATH} /usr/bin/python3 setup.py egg_info --egg-base build/mypkg build --build-base /home/shiokaze/ros2_ws/src/mypkg/build/mypkg/build install --prefix /home/shiokaze/ros2_ws/src/mypkg/install/mypkg --record /home/shiokaze/ros2_ws/src/mypkg/build/mypkg/install.log --single-version-externally-managed
[2.300s] running egg_info
[2.300s] creating build/mypkg/mypkg.egg-info
[2.301s] writing build/mypkg/mypkg.egg-info/PKG-INFO
[2.301s] writing dependency_links to build/mypkg/mypkg.egg-info/dependency_links.txt
[2.301s] writing entry points to build/mypkg/mypkg.egg-info/entry_points.txt
[2.302s] writing requirements to build/mypkg/mypkg.egg-info/requires.txt
[2.302s] writing top-level names to build/mypkg/mypkg.egg-info/top_level.txt
[2.302s] writing manifest file 'build/mypkg/mypkg.egg-info/SOURCES.txt'
[2.306s] reading manifest file 'build/mypkg/mypkg.egg-info/SOURCES.txt'
[2.307s] writing manifest file 'build/mypkg/mypkg.egg-info/SOURCES.txt'
[2.307s] running build
[2.308s] running build_py
[2.308s] creating /home/shiokaze/ros2_ws/src/mypkg/build/mypkg/build
[2.308s] creating /home/shiokaze/ros2_ws/src/mypkg/build/mypkg/build/lib
[2.308s] creating /home/shiokaze/ros2_ws/src/mypkg/build/mypkg/build/lib/mypkg
[2.309s] copying mypkg/__init__.py -> /home/shiokaze/ros2_ws/src/mypkg/build/mypkg/build/lib/mypkg
[2.309s] running install
[2.376s] /usr/lib/python3/dist-packages/setuptools/command/install.py:34: SetuptoolsDeprecationWarning: setup.py install is deprecated. Use build and pip and other standards-based tools.
[2.376s]   warnings.warn(
[2.376s] running install_lib
[2.378s] creating /home/shiokaze/ros2_ws/src/mypkg/install/mypkg/lib/python3.10/site-packages/mypkg
[2.379s] copying /home/shiokaze/ros2_ws/src/mypkg/build/mypkg/build/lib/mypkg/__init__.py -> /home/shiokaze/ros2_ws/src/mypkg/install/mypkg/lib/python3.10/site-packages/mypkg
[2.379s] byte-compiling /home/shiokaze/ros2_ws/src/mypkg/install/mypkg/lib/python3.10/site-packages/mypkg/__init__.py to __init__.cpython-310.pyc
[2.379s] running install_data
[2.380s] creating /home/shiokaze/ros2_ws/src/mypkg/install/mypkg/share/ament_index
[2.380s] creating /home/shiokaze/ros2_ws/src/mypkg/install/mypkg/share/ament_index/resource_index
[2.381s] creating /home/shiokaze/ros2_ws/src/mypkg/install/mypkg/share/ament_index/resource_index/packages
[2.381s] copying resource/mypkg -> /home/shiokaze/ros2_ws/src/mypkg/install/mypkg/share/ament_index/resource_index/packages
[2.381s] copying package.xml -> /home/shiokaze/ros2_ws/src/mypkg/install/mypkg/share/mypkg
[2.381s] running install_egg_info
[2.383s] Copying build/mypkg/mypkg.egg-info to /home/shiokaze/ros2_ws/src/mypkg/install/mypkg/lib/python3.10/site-packages/mypkg-0.0.0-py3.10.egg-info
[2.384s] running install_scripts
[2.410s] writing list of installed files to '/home/shiokaze/ros2_ws/src/mypkg/build/mypkg/install.log'
[2.448s] Invoked command in '/home/shiokaze/ros2_ws/src/mypkg' returned '0': PYTHONPATH=/home/shiokaze/ros2_ws/src/mypkg/install/mypkg/lib/python3.10/site-packages:${PYTHONPATH} /usr/bin/python3 setup.py egg_info --egg-base build/mypkg build --build-base /home/shiokaze/ros2_ws/src/mypkg/build/mypkg/build install --prefix /home/shiokaze/ros2_ws/src/mypkg/install/mypkg --record /home/shiokaze/ros2_ws/src/mypkg/build/mypkg/install.log --single-version-externally-managed
