[2.203s] DEBUG:colcon:Command line arguments: ['/usr/bin/colcon', 'build']
[2.203s] DEBUG:colcon:Parsed command line arguments: Namespace(log_base=None, log_level=None, verb_name='build', build_base='build', install_base='install', merge_install=False, symlink_install=False, test_result_base=None, continue_on_error=False, executor='parallel', parallel_workers=4, event_handlers=None, ignore_user_meta=False, metas=['./colcon.meta'], base_paths=['.'], packages_ignore=None, packages_ignore_regex=None, paths=None, packages_up_to=None, packages_up_to_regex=None, packages_above=None, packages_above_and_dependencies=None, packages_above_depth=None, packages_select_by_dep=None, packages_skip_by_dep=None, packages_skip_up_to=None, packages_select_build_failed=False, packages_skip_build_finished=False, packages_select_test_failures=False, packages_skip_test_passed=False, packages_select=None, packages_skip=None, packages_select_regex=None, packages_skip_regex=None, packages_start=None, packages_end=None, allow_overriding=[], cmake_args=None, cmake_target=None, cmake_target_skip_unavailable=False, cmake_clean_cache=False, cmake_clean_first=False, cmake_force_configure=False, ament_cmake_args=None, catkin_cmake_args=None, catkin_skip_building_tests=False, verb_parser=<colcon_defaults.argument_parser.defaults.DefaultArgumentsDecorator object at 0x7f8a867f4cd0>, verb_extension=<colcon_core.verb.build.BuildVerb object at 0x7f8a8718f2b0>, main=<bound method BuildVerb.main of <colcon_core.verb.build.BuildVerb object at 0x7f8a8718f2b0>>)
[2.790s] Level 1:colcon.colcon_core.package_discovery:discover_packages(colcon_meta) check parameters
[2.790s] Level 1:colcon.colcon_core.package_discovery:discover_packages(recursive) check parameters
[2.790s] Level 1:colcon.colcon_core.package_discovery:discover_packages(ignore) check parameters
[2.790s] Level 1:colcon.colcon_core.package_discovery:discover_packages(path) check parameters
[2.790s] Level 1:colcon.colcon_core.package_discovery:discover_packages(colcon_meta) discover
[2.791s] Level 1:colcon.colcon_core.package_discovery:discover_packages(recursive) discover
[2.791s] INFO:colcon.colcon_core.package_discovery:Crawling recursively for packages in '/home/shiokaze/ros2_ws/src/mypkg'
[2.791s] Level 1:colcon.colcon_core.package_identification:_identify(.) by extensions ['ignore', 'ignore_ament_install']
[2.792s] Level 1:colcon.colcon_core.package_identification:_identify(.) by extension 'ignore'
[2.792s] Level 1:colcon.colcon_core.package_identification:_identify(.) by extension 'ignore_ament_install'
[2.792s] Level 1:colcon.colcon_core.package_identification:_identify(.) by extensions ['colcon_pkg']
[2.792s] Level 1:colcon.colcon_core.package_identification:_identify(.) by extension 'colcon_pkg'
[2.793s] Level 1:colcon.colcon_core.package_identification:_identify(.) by extensions ['colcon_meta']
[2.793s] Level 1:colcon.colcon_core.package_identification:_identify(.) by extension 'colcon_meta'
[2.793s] Level 1:colcon.colcon_core.package_identification:_identify(.) by extensions ['ros']
[2.793s] Level 1:colcon.colcon_core.package_identification:_identify(.) by extension 'ros'
[2.842s] DEBUG:colcon.colcon_core.package_identification:Package '.' with type 'ros.ament_python' and name 'mypkg'
[2.842s] Level 1:colcon.colcon_core.package_discovery:discover_packages(recursive) using defaults
[2.842s] Level 1:colcon.colcon_core.package_discovery:discover_packages(ignore) discover
[2.842s] Level 1:colcon.colcon_core.package_discovery:discover_packages(ignore) using defaults
[2.842s] Level 1:colcon.colcon_core.package_discovery:discover_packages(path) discover
[2.842s] Level 1:colcon.colcon_core.package_discovery:discover_packages(path) using defaults
[3.109s] Level 1:colcon.colcon_core.package_discovery:discover_packages(prefix_path) check parameters
[3.109s] Level 1:colcon.colcon_core.package_discovery:discover_packages(prefix_path) discover
[3.186s] DEBUG:colcon.colcon_installed_package_information.package_discovery:Found 270 installed packages in /opt/ros/humble
[3.192s] Level 1:colcon.colcon_core.package_discovery:discover_packages(prefix_path) using defaults
[3.332s] Level 5:colcon.colcon_core.verb:set package 'mypkg' build argument 'cmake_args' from command line to 'None'
[3.332s] Level 5:colcon.colcon_core.verb:set package 'mypkg' build argument 'cmake_target' from command line to 'None'
[3.332s] Level 5:colcon.colcon_core.verb:set package 'mypkg' build argument 'cmake_target_skip_unavailable' from command line to 'False'
[3.332s] Level 5:colcon.colcon_core.verb:set package 'mypkg' build argument 'cmake_clean_cache' from command line to 'False'
[3.333s] Level 5:colcon.colcon_core.verb:set package 'mypkg' build argument 'cmake_clean_first' from command line to 'False'
[3.333s] Level 5:colcon.colcon_core.verb:set package 'mypkg' build argument 'cmake_force_configure' from command line to 'False'
[3.333s] Level 5:colcon.colcon_core.verb:set package 'mypkg' build argument 'ament_cmake_args' from command line to 'None'
[3.333s] Level 5:colcon.colcon_core.verb:set package 'mypkg' build argument 'catkin_cmake_args' from command line to 'None'
[3.333s] Level 5:colcon.colcon_core.verb:set package 'mypkg' build argument 'catkin_skip_building_tests' from command line to 'False'
[3.333s] DEBUG:colcon.colcon_core.verb:Building package 'mypkg' with the following arguments: {'ament_cmake_args': None, 'build_base': '/home/shiokaze/ros2_ws/src/mypkg/build/mypkg', 'catkin_cmake_args': None, 'catkin_skip_building_tests': False, 'cmake_args': None, 'cmake_clean_cache': False, 'cmake_clean_first': False, 'cmake_force_configure': False, 'cmake_target': None, 'cmake_target_skip_unavailable': False, 'install_base': '/home/shiokaze/ros2_ws/src/mypkg/install/mypkg', 'merge_install': False, 'path': '/home/shiokaze/ros2_ws/src/mypkg', 'symlink_install': False, 'test_result_base': None}
[3.334s] INFO:colcon.colcon_core.executor:Executing jobs using 'parallel' executor
[3.339s] DEBUG:colcon.colcon_parallel_executor.executor.parallel:run_until_complete
[3.340s] INFO:colcon.colcon_ros.task.ament_python.build:Building ROS package in '/home/shiokaze/ros2_ws/src/mypkg' with build type 'ament_python'
[3.340s] Level 1:colcon.colcon_core.shell:create_environment_hook('mypkg', 'ament_prefix_path')
[3.448s] INFO:colcon.colcon_core.plugin_system:Skipping extension 'colcon_core.shell.bat': Not used on non-Windows systems
[3.449s] INFO:colcon.colcon_core.shell:Creating environment hook '/home/shiokaze/ros2_ws/src/mypkg/install/mypkg/share/mypkg/hook/ament_prefix_path.ps1'
[3.479s] INFO:colcon.colcon_core.shell:Creating environment descriptor '/home/shiokaze/ros2_ws/src/mypkg/install/mypkg/share/mypkg/hook/ament_prefix_path.dsv'
[3.487s] INFO:colcon.colcon_core.shell:Creating environment hook '/home/shiokaze/ros2_ws/src/mypkg/install/mypkg/share/mypkg/hook/ament_prefix_path.sh'
[3.494s] INFO:colcon.colcon_core.shell:Skip shell extension 'powershell' for command environment: Not usable outside of PowerShell
[3.494s] DEBUG:colcon.colcon_core.shell:Skip shell extension 'dsv' for command environment
[3.867s] INFO:colcon.colcon_core.task.python.build:Building Python package in '/home/shiokaze/ros2_ws/src/mypkg'
[3.872s] INFO:colcon.colcon_core.shell:Skip shell extension 'powershell' for command environment: Not usable outside of PowerShell
[3.872s] DEBUG:colcon.colcon_core.shell:Skip shell extension 'dsv' for command environment
[5.321s] DEBUG:colcon.colcon_core.event_handler.log_command:Invoking command in '/home/shiokaze/ros2_ws/src/mypkg': PYTHONPATH=/home/shiokaze/ros2_ws/src/mypkg/install/mypkg/lib/python3.10/site-packages:${PYTHONPATH} /usr/bin/python3 setup.py egg_info --egg-base build/mypkg build --build-base /home/shiokaze/ros2_ws/src/mypkg/build/mypkg/build install --prefix /home/shiokaze/ros2_ws/src/mypkg/install/mypkg --record /home/shiokaze/ros2_ws/src/mypkg/build/mypkg/install.log --single-version-externally-managed
[5.789s] DEBUG:colcon.colcon_core.event_handler.log_command:Invoked command in '/home/shiokaze/ros2_ws/src/mypkg' returned '0': PYTHONPATH=/home/shiokaze/ros2_ws/src/mypkg/install/mypkg/lib/python3.10/site-packages:${PYTHONPATH} /usr/bin/python3 setup.py egg_info --egg-base build/mypkg build --build-base /home/shiokaze/ros2_ws/src/mypkg/build/mypkg/build install --prefix /home/shiokaze/ros2_ws/src/mypkg/install/mypkg --record /home/shiokaze/ros2_ws/src/mypkg/build/mypkg/install.log --single-version-externally-managed
[5.920s] Level 1:colcon.colcon_core.environment:checking '/home/shiokaze/ros2_ws/src/mypkg/install/mypkg' for CMake module files
[5.921s] Level 1:colcon.colcon_core.environment:checking '/home/shiokaze/ros2_ws/src/mypkg/install/mypkg' for CMake config files
[5.923s] Level 1:colcon.colcon_core.environment:checking '/home/shiokaze/ros2_ws/src/mypkg/install/mypkg/lib'
[5.924s] Level 1:colcon.colcon_core.environment:checking '/home/shiokaze/ros2_ws/src/mypkg/install/mypkg/bin'
[5.924s] Level 1:colcon.colcon_core.environment:checking '/home/shiokaze/ros2_ws/src/mypkg/install/mypkg/lib/pkgconfig/mypkg.pc'
[5.925s] Level 1:colcon.colcon_core.environment:checking '/home/shiokaze/ros2_ws/src/mypkg/install/mypkg/lib/python3.10/site-packages'
[5.925s] Level 1:colcon.colcon_core.shell:create_environment_hook('mypkg', 'pythonpath')
[5.930s] INFO:colcon.colcon_core.shell:Creating environment hook '/home/shiokaze/ros2_ws/src/mypkg/install/mypkg/share/mypkg/hook/pythonpath.ps1'
[5.931s] INFO:colcon.colcon_core.shell:Creating environment descriptor '/home/shiokaze/ros2_ws/src/mypkg/install/mypkg/share/mypkg/hook/pythonpath.dsv'
[5.932s] INFO:colcon.colcon_core.shell:Creating environment hook '/home/shiokaze/ros2_ws/src/mypkg/install/mypkg/share/mypkg/hook/pythonpath.sh'
[5.934s] Level 1:colcon.colcon_core.environment:checking '/home/shiokaze/ros2_ws/src/mypkg/install/mypkg/bin'
[5.934s] Level 1:colcon.colcon_core.environment:create_environment_scripts_only(mypkg)
[5.939s] INFO:colcon.colcon_core.shell:Creating package script '/home/shiokaze/ros2_ws/src/mypkg/install/mypkg/share/mypkg/package.ps1'
[5.959s] INFO:colcon.colcon_core.shell:Creating package descriptor '/home/shiokaze/ros2_ws/src/mypkg/install/mypkg/share/mypkg/package.dsv'
[5.966s] INFO:colcon.colcon_core.shell:Creating package script '/home/shiokaze/ros2_ws/src/mypkg/install/mypkg/share/mypkg/package.sh'
[5.969s] INFO:colcon.colcon_core.shell:Creating package script '/home/shiokaze/ros2_ws/src/mypkg/install/mypkg/share/mypkg/package.bash'
[6.010s] INFO:colcon.colcon_core.shell:Creating package script '/home/shiokaze/ros2_ws/src/mypkg/install/mypkg/share/mypkg/package.zsh'
[6.035s] Level 1:colcon.colcon_core.environment:create_file_with_runtime_dependencies(/home/shiokaze/ros2_ws/src/mypkg/install/mypkg/share/colcon-core/packages/mypkg)
[6.037s] DEBUG:colcon.colcon_parallel_executor.executor.parallel:closing loop
[6.039s] DEBUG:colcon.colcon_parallel_executor.executor.parallel:loop closed
[6.039s] DEBUG:colcon.colcon_parallel_executor.executor.parallel:run_until_complete finished with '0'
[6.040s] DEBUG:colcon.colcon_core.event_reactor:joining thread
[6.081s] INFO:colcon.colcon_core.plugin_system:Skipping extension 'colcon_notification.desktop_notification.terminal_notifier': Not used on non-Darwin systems
[6.081s] INFO:colcon.colcon_core.plugin_system:Skipping extension 'colcon_notification.desktop_notification.win32': Not used on non-Windows systems
[6.082s] INFO:colcon.colcon_notification.desktop_notification:Sending desktop notification using 'notify2'
[6.142s] DEBUG:colcon.colcon_core.event_reactor:joined thread
[6.145s] INFO:colcon.colcon_core.shell:Creating prefix script '/home/shiokaze/ros2_ws/src/mypkg/install/local_setup.ps1'
[6.169s] INFO:colcon.colcon_core.shell:Creating prefix util module '/home/shiokaze/ros2_ws/src/mypkg/install/_local_setup_util_ps1.py'
[6.179s] INFO:colcon.colcon_core.shell:Creating prefix chain script '/home/shiokaze/ros2_ws/src/mypkg/install/setup.ps1'
[6.182s] INFO:colcon.colcon_core.shell:Creating prefix script '/home/shiokaze/ros2_ws/src/mypkg/install/local_setup.sh'
[6.184s] INFO:colcon.colcon_core.shell:Creating prefix util module '/home/shiokaze/ros2_ws/src/mypkg/install/_local_setup_util_sh.py'
[6.185s] INFO:colcon.colcon_core.shell:Creating prefix chain script '/home/shiokaze/ros2_ws/src/mypkg/install/setup.sh'
[6.189s] INFO:colcon.colcon_core.shell:Creating prefix script '/home/shiokaze/ros2_ws/src/mypkg/install/local_setup.bash'
[6.209s] INFO:colcon.colcon_core.shell:Creating prefix chain script '/home/shiokaze/ros2_ws/src/mypkg/install/setup.bash'
[6.213s] INFO:colcon.colcon_core.shell:Creating prefix script '/home/shiokaze/ros2_ws/src/mypkg/install/local_setup.zsh'
[6.246s] INFO:colcon.colcon_core.shell:Creating prefix chain script '/home/shiokaze/ros2_ws/src/mypkg/install/setup.zsh'
