[6.378s] DEBUG:colcon:Command line arguments: ['/usr/bin/colcon', 'build']
[6.379s] DEBUG:colcon:Parsed command line arguments: Namespace(log_base=None, log_level=None, verb_name='build', build_base='build', install_base='install', merge_install=False, symlink_install=False, test_result_base=None, continue_on_error=False, executor='parallel', parallel_workers=4, event_handlers=None, ignore_user_meta=False, metas=['./colcon.meta'], base_paths=['.'], packages_ignore=None, packages_ignore_regex=None, paths=None, packages_up_to=None, packages_up_to_regex=None, packages_above=None, packages_above_and_dependencies=None, packages_above_depth=None, packages_select_by_dep=None, packages_skip_by_dep=None, packages_skip_up_to=None, packages_select_build_failed=False, packages_skip_build_finished=False, packages_select_test_failures=False, packages_skip_test_passed=False, packages_select=None, packages_skip=None, packages_select_regex=None, packages_skip_regex=None, packages_start=None, packages_end=None, allow_overriding=[], cmake_args=None, cmake_target=None, cmake_target_skip_unavailable=False, cmake_clean_cache=False, cmake_clean_first=False, cmake_force_configure=False, ament_cmake_args=None, catkin_cmake_args=None, catkin_skip_building_tests=False, verb_parser=<colcon_defaults.argument_parser.defaults.DefaultArgumentsDecorator object at 0x7fed1ce68f10>, verb_extension=<colcon_core.verb.build.BuildVerb object at 0x7fed1d7fb4f0>, main=<bound method BuildVerb.main of <colcon_core.verb.build.BuildVerb object at 0x7fed1d7fb4f0>>)
[7.177s] Level 1:colcon.colcon_core.package_discovery:discover_packages(colcon_meta) check parameters
[7.177s] Level 1:colcon.colcon_core.package_discovery:discover_packages(recursive) check parameters
[7.178s] Level 1:colcon.colcon_core.package_discovery:discover_packages(ignore) check parameters
[7.178s] Level 1:colcon.colcon_core.package_discovery:discover_packages(path) check parameters
[7.178s] Level 1:colcon.colcon_core.package_discovery:discover_packages(colcon_meta) discover
[7.178s] Level 1:colcon.colcon_core.package_discovery:discover_packages(recursive) discover
[7.178s] INFO:colcon.colcon_core.package_discovery:Crawling recursively for packages in '/home/shiokaze/ros2_ws/src/mypkg/launch'
[7.179s] Level 1:colcon.colcon_core.package_identification:_identify(.) by extensions ['ignore', 'ignore_ament_install']
[7.179s] Level 1:colcon.colcon_core.package_identification:_identify(.) by extension 'ignore'
[7.179s] Level 1:colcon.colcon_core.package_identification:_identify(.) by extension 'ignore_ament_install'
[7.180s] Level 1:colcon.colcon_core.package_identification:_identify(.) by extensions ['colcon_pkg']
[7.180s] Level 1:colcon.colcon_core.package_identification:_identify(.) by extension 'colcon_pkg'
[7.180s] Level 1:colcon.colcon_core.package_identification:_identify(.) by extensions ['colcon_meta']
[7.180s] Level 1:colcon.colcon_core.package_identification:_identify(.) by extension 'colcon_meta'
[7.180s] Level 1:colcon.colcon_core.package_identification:_identify(.) by extensions ['ros']
[7.180s] Level 1:colcon.colcon_core.package_identification:_identify(.) by extension 'ros'
[7.288s] Level 1:colcon.colcon_core.package_identification:_identify(.) by extensions ['cmake', 'python']
[7.288s] Level 1:colcon.colcon_core.package_identification:_identify(.) by extension 'cmake'
[7.288s] Level 1:colcon.colcon_core.package_identification:_identify(.) by extension 'python'
[7.288s] Level 1:colcon.colcon_core.package_identification:_identify(.) by extensions ['python_setup_py']
[7.288s] Level 1:colcon.colcon_core.package_identification:_identify(.) by extension 'python_setup_py'
[7.289s] Level 1:colcon.colcon_core.package_identification:_identify(build) by extensions ['ignore', 'ignore_ament_install']
[7.289s] Level 1:colcon.colcon_core.package_identification:_identify(build) by extension 'ignore'
[7.289s] Level 1:colcon.colcon_core.package_identification:_identify(build) ignored
[7.289s] Level 1:colcon.colcon_core.package_identification:_identify(install) by extensions ['ignore', 'ignore_ament_install']
[7.290s] Level 1:colcon.colcon_core.package_identification:_identify(install) by extension 'ignore'
[7.290s] Level 1:colcon.colcon_core.package_identification:_identify(install) ignored
[7.290s] Level 1:colcon.colcon_core.package_identification:_identify(log) by extensions ['ignore', 'ignore_ament_install']
[7.290s] Level 1:colcon.colcon_core.package_identification:_identify(log) by extension 'ignore'
[7.290s] Level 1:colcon.colcon_core.package_identification:_identify(log) ignored
[7.291s] Level 1:colcon.colcon_core.package_discovery:discover_packages(recursive) using defaults
[7.291s] Level 1:colcon.colcon_core.package_discovery:discover_packages(ignore) discover
[7.291s] Level 1:colcon.colcon_core.package_discovery:discover_packages(ignore) using defaults
[7.291s] Level 1:colcon.colcon_core.package_discovery:discover_packages(path) discover
[7.291s] Level 1:colcon.colcon_core.package_discovery:discover_packages(path) using defaults
[7.704s] Level 1:colcon.colcon_core.package_discovery:discover_packages(prefix_path) check parameters
[7.704s] Level 1:colcon.colcon_core.package_discovery:discover_packages(prefix_path) discover
[7.793s] DEBUG:colcon.colcon_installed_package_information.package_discovery:Found 1 installed packages in /home/shiokaze/ros2_ws/install
[7.798s] DEBUG:colcon.colcon_installed_package_information.package_discovery:Found 270 installed packages in /opt/ros/humble
[7.801s] Level 1:colcon.colcon_core.package_discovery:discover_packages(prefix_path) using defaults
[7.951s] INFO:colcon.colcon_core.executor:Executing jobs using 'parallel' executor
[7.957s] DEBUG:colcon.colcon_parallel_executor.executor.parallel:run_until_complete
[7.957s] DEBUG:colcon.colcon_parallel_executor.executor.parallel:closing loop
[7.958s] DEBUG:colcon.colcon_parallel_executor.executor.parallel:loop closed
[7.958s] DEBUG:colcon.colcon_parallel_executor.executor.parallel:run_until_complete finished with '0'
[7.958s] DEBUG:colcon.colcon_core.event_reactor:joining thread
[7.996s] INFO:colcon.colcon_core.plugin_system:Skipping extension 'colcon_notification.desktop_notification.terminal_notifier': Not used on non-Darwin systems
[7.996s] INFO:colcon.colcon_core.plugin_system:Skipping extension 'colcon_notification.desktop_notification.win32': Not used on non-Windows systems
[7.996s] INFO:colcon.colcon_notification.desktop_notification:Sending desktop notification using 'notify2'
[8.031s] DEBUG:colcon.colcon_core.event_reactor:joined thread
[8.181s] INFO:colcon.colcon_core.plugin_system:Skipping extension 'colcon_core.shell.bat': Not used on non-Windows systems
[8.182s] INFO:colcon.colcon_core.shell:Creating prefix script '/home/shiokaze/ros2_ws/src/mypkg/launch/install/local_setup.ps1'
[8.214s] INFO:colcon.colcon_core.shell:Creating prefix util module '/home/shiokaze/ros2_ws/src/mypkg/launch/install/_local_setup_util_ps1.py'
[8.225s] INFO:colcon.colcon_core.shell:Creating prefix chain script '/home/shiokaze/ros2_ws/src/mypkg/launch/install/setup.ps1'
[8.231s] INFO:colcon.colcon_core.shell:Creating prefix script '/home/shiokaze/ros2_ws/src/mypkg/launch/install/local_setup.sh'
[8.233s] INFO:colcon.colcon_core.shell:Creating prefix util module '/home/shiokaze/ros2_ws/src/mypkg/launch/install/_local_setup_util_sh.py'
[8.234s] INFO:colcon.colcon_core.shell:Creating prefix chain script '/home/shiokaze/ros2_ws/src/mypkg/launch/install/setup.sh'
[8.240s] INFO:colcon.colcon_core.shell:Creating prefix script '/home/shiokaze/ros2_ws/src/mypkg/launch/install/local_setup.bash'
[8.264s] INFO:colcon.colcon_core.shell:Creating prefix chain script '/home/shiokaze/ros2_ws/src/mypkg/launch/install/setup.bash'
[8.267s] INFO:colcon.colcon_core.shell:Creating prefix script '/home/shiokaze/ros2_ws/src/mypkg/launch/install/local_setup.zsh'
[8.278s] INFO:colcon.colcon_core.shell:Creating prefix chain script '/home/shiokaze/ros2_ws/src/mypkg/launch/install/setup.zsh'
